{
  "stats": {
    "suites": 1,
    "tests": 1,
    "passes": 1,
    "pending": 0,
    "failures": 0,
    "start": "2023-11-23T10:40:18.618Z",
    "end": "2023-11-23T10:40:32.844Z",
    "duration": 14226,
    "testsRegistered": 1,
    "passPercent": 100,
    "pendingPercent": 0,
    "other": 0,
    "hasOther": false,
    "skipped": 0,
    "hasSkipped": false
  },
  "results": [
    {
      "uuid": "403e76f2-1202-4fb2-a4cd-90ecc3dbc33b",
      "title": "",
      "fullFile": "cypress\\e2e\\TC_5_Configuration.cy.js",
      "file": "cypress\\e2e\\TC_5_Configuration.cy.js",
      "beforeHooks": [],
      "afterHooks": [],
      "tests": [],
      "suites": [
        {
          "uuid": "eb836b77-9303-40c7-87fe-11dff610bf62",
          "title": "Verify Configuration tab functionality",
          "fullFile": "",
          "file": "",
          "beforeHooks": [],
          "afterHooks": [],
          "tests": [
            {
              "title": "Verify setting tab",
              "fullTitle": "Verify Configuration tab functionality Verify setting tab",
              "timedOut": null,
              "duration": 11831,
              "state": "passed",
              "speed": "slow",
              "pass": true,
              "fail": false,
              "pending": false,
              "context": null,
              "code": "_dashboardPage.default.selectSubMenu(\"Settings\");\n_dashboardPage.default.selectSubMenu(\"General settings\");\ncy.get(_configPage.default.onOffSwitchInner).invoke(\"css\", \"margin-left\").then(marginLeft => {\n  const absoluteMarginLeft = Math.abs(parseInt(marginLeft, 10));\n  if (absoluteMarginLeft > 10) {\n    cy.get(_dashboardPage.default.onOffSwitch).click();\n  }\n});\n// Assert that default logo is shown\ncy.get(_configPage.default.uploadedImage).eq(0).should(\"have.attr\", \"src\", \"https://admin-demo.nopcommerce.com/images/thumbs/default-image_100.png\");\n// Upload Logo\ncy.get(_configPage.default.fileInput).eq(0).selectFile(\"cypress/fixtures/sample-image.jpg\", {\n  force: true\n});\n// Assert that default logo is not shown\ncy.get(_configPage.default.uploadedImage).eq(0).should(\"have.attr\", \"src\").and(\"include\", \"sample-image\");\n// Verify that remove button is now visible\ncy.get(_configPage.default.removeButton).eq(0).should(\"be.visible\");\ncy.get(_configPage.default.euCookieLawCheckbox).check();\ncy.get(_configPage.default.systemEmailCheckbox).uncheck();\ncy.get(_configPage.default.searchPlusIcon).scrollIntoView();\ncy.get(_configPage.default.wwwRequirementDropdown).select(\"Pages should have WWW prefix\");",
              "err": {},
              "uuid": "801761c8-25f5-4914-b2d0-b45791f017bc",
              "parentUUID": "eb836b77-9303-40c7-87fe-11dff610bf62",
              "isHook": false,
              "skipped": false
            }
          ],
          "suites": [],
          "passes": [
            "801761c8-25f5-4914-b2d0-b45791f017bc"
          ],
          "failures": [],
          "pending": [],
          "skipped": [],
          "duration": 11831,
          "root": false,
          "rootEmpty": false,
          "_timeout": 2000
        }
      ],
      "passes": [],
      "failures": [],
      "pending": [],
      "skipped": [],
      "duration": 0,
      "root": true,
      "rootEmpty": true,
      "_timeout": 2000
    }
  ],
  "meta": {
    "mocha": {
      "version": "7.0.1"
    },
    "mochawesome": {
      "options": {
        "quiet": false,
        "reportFilename": "mochawesome",
        "saveHtml": true,
        "saveJson": true,
        "consoleReporter": "spec",
        "useInlineDiffs": false,
        "code": true
      },
      "version": "7.1.3"
    },
    "marge": {
      "options": {
        "reportDir": "cypress/reports/mochawesome",
        "overwrite": true,
        "html": true,
        "json": true
      },
      "version": "6.2.0"
    }
  }
}